#-----------------------------------------------------------
# Vivado v2018.3 (64-bit)
# SW Build 2405991 on Thu Dec  6 23:38:27 MST 2018
# IP Build 2404404 on Fri Dec  7 01:43:56 MST 2018
# Start of session at: Sat Apr 23 10:58:05 2022
# Process ID: 24980
# Current directory: C:/Users/86182/Desktop/dual_ov5640_lcd_gray
# Command line: vivado.exe -gui_launcher_event rodinguilauncherevent14000 C:\Users\86182\Desktop\dual_ov5640_lcd_gray\dual_ov5640_lcd.xpr
# Log file: C:/Users/86182/Desktop/dual_ov5640_lcd_gray/vivado.log
# Journal file: C:/Users/86182/Desktop/dual_ov5640_lcd_gray\vivado.jou
#-----------------------------------------------------------
start_gui
open_project C:/Users/86182/Desktop/dual_ov5640_lcd_gray/dual_ov5640_lcd.xpr
Scanning sources...
Finished scanning sources
INFO: [IP_Flow 19-234] Refreshing IP repositories
INFO: [IP_Flow 19-1700] Loaded user IP repository 'c:/Users/86182/Desktop/dual_ov5640_lcd_gray/ip_repo'.
WARNING: [IP_Flow 19-3685] Ignored loading user repository 'c:/Users/86182/Desktop/dual_ov5640_lcd_gray/ip_repo/xilinx_com_hls_ov5640_rgb2gray_1_0'. The path is contained within another repository.
INFO: [IP_Flow 19-2313] Loaded Vivado IP repository 'C:/Xilinx/Vivado/2018.3/data/ip'.
open_project: Time (s): cpu = 00:00:36 ; elapsed = 00:00:29 . Memory (MB): peak = 854.520 ; gain = 258.152
exit
INFO: [Common 17-206] Exiting Vivado at Sat Apr 23 10:59:18 2022...
